Arguments: 
  C:\Program Files\nodejs\node.exe C:\Users\ascorreia\AppData\Roaming\npm\node_modules\yarn\bin\yarn.js add @types/node typescript @solana/web3.js bs58yarn add -D ts-nodetouch keygen.tstouch airdrop.tstouch transfer.tsyarn tsc --init --rootDir ./ --outDir ./dist --esModuleInterop --lib ES2019 --module commonjs --resolveJsonModule true --noImplicitAny true

PATH: 
  C:\windows\system32;C:\windows;C:\windows\System32\Wbem;C:\windows\System32\WindowsPowerShell\v1.0\;C:\windows\System32\OpenSSH\;C:\Program Files\Git\cmd;C:\Program Files\TortoiseGit\bin;C:\Program Files\TortoiseSVN\bin;C:\MinGW\bin;C:\Program Files\nodejs\;C:\Program Files\dotnet\;C:\Users\ascorreia\.console-ninja\.bin;C:\Users\ascorreia\.cargo\bin;C:\Users\ascorreia\AppData\Roaming\local\bin;C:\Users\ascorreia\AppData\Local\Microsoft\WindowsApps;;C:\Users\ascorreia\AppData\Local\Programs\Microsoft VS Code\bin;C:\Users\ascorreia\AppData\Roaming\npm

Yarn version: 
  1.22.19

Node version: 
  16.17.1

Platform: 
  win32 x64

Trace: 
  Error: https://registry.yarnpkg.com/bs58yarn: Not found
      at Request.params.callback [as _callback] (C:\Users\ascorreia\AppData\Roaming\npm\node_modules\yarn\lib\cli.js:66145:18)
      at Request.self.callback (C:\Users\ascorreia\AppData\Roaming\npm\node_modules\yarn\lib\cli.js:140890:22)
      at Request.emit (node:events:513:28)
      at Request.<anonymous> (C:\Users\ascorreia\AppData\Roaming\npm\node_modules\yarn\lib\cli.js:141862:10)
      at Request.emit (node:events:513:28)
      at IncomingMessage.<anonymous> (C:\Users\ascorreia\AppData\Roaming\npm\node_modules\yarn\lib\cli.js:141784:12)
      at Object.onceWrapper (node:events:627:28)
      at IncomingMessage.emit (node:events:525:35)
      at endReadableNT (node:internal/streams/readable:1358:12)
      at processTicksAndRejections (node:internal/process/task_queues:83:21)

npm manifest: 
  {
    "name": "airdrop",
    "version": "1.0.0",
    "main": "index.js",
    "license": "MIT"
  }

yarn manifest: 
  No manifest

Lockfile: 
  No lockfile
